빌드 시작: 2014-04-12 오후 9:43:46
     1>2 노드의 "E:\Dev\Project\fisheries2015\fisheries2015\fisheries2015.vcxproj" 프로젝트(Build 대상)입니다.
     1>ClCompile:
         E:\Dev\VS12\VC\bin\CL.exe /c /IC:\sfml\include /ZI /nologo /W3 /WX- /sdl /Od /Oy- /D WIN32 /D _DEBUG /D _CONSOLE /D _UNICODE /D UNICODE /Gm /EHsc /RTC1 /MDd /GS /fp:precise /Zc:wchar_t /Zc:forScope /Fo"Debug\\" /Fd"Debug\vc110.pdb" /Gd /TP /analyze- /errorReport:prompt Director.cpp main.cpp
         main.cpp
     1>e:\dev\project\fisheries2015\fisheries2015\main.cpp(11): warning C4244: '인수' : 'const int'에서 'float'(으)로 변환하면서 데이터가 손실될 수 있습니다.
         Director.cpp
         코드를 생성하고 있습니다...
       Link:
         E:\Dev\VS12\VC\bin\link.exe /ERRORREPORT:PROMPT /OUT:"E:\Dev\Project\fisheries2015\Debug\fisheries2015.exe" /INCREMENTAL /NOLOGO /LIBPATH:C:\sfml\lib "sfml-graphics.lib" "sfml-window.lib" "sfml-system.lib" "sfml-audio.lib" kernel32.lib user32.lib gdi32.lib winspool.lib comdlg32.lib advapi32.lib shell32.lib ole32.lib oleaut32.lib uuid.lib odbc32.lib odbccp32.lib /MANIFEST /MANIFESTUAC:"level='asInvoker' uiAccess='false'" /manifest:embed /DEBUG /PDB:"E:\Dev\Project\fisheries2015\Debug\fisheries2015.pdb" /SUBSYSTEM:CONSOLE /TLBID:1 /DYNAMICBASE /NXCOMPAT /IMPLIB:"E:\Dev\Project\fisheries2015\Debug\fisheries2015.lib" /MACHINE:X86 Debug\animation.obj
         Debug\Director.obj
         Debug\Global.obj
         Debug\main.obj
         Debug\SceneBase.obj
         Debug\TileSet.obj
         Debug\tinystr.obj
         Debug\tinyxml.obj
         Debug\tinyxmlerror.obj
         Debug\tinyxmlparser.obj
         Debug\TitleScene.obj
         fisheries2015.vcxproj -> E:\Dev\Project\fisheries2015\Debug\fisheries2015.exe
     1>"E:\Dev\Project\fisheries2015\fisheries2015\fisheries2015.vcxproj" 프로젝트를 빌드했습니다(Build 대상).

빌드했습니다.

경과 시간: 00:00:13.30
