빌드 시작: 2014-04-08 오전 2:04:12
     1>2 노드의 "D:\FS2015\SFML\SFML\SFML.vcxproj" 프로젝트(Build 대상)입니다.
     1>ClCompile:
         C:\Program Files (x86)\Microsoft Visual Studio 12.0\VC\bin\CL.exe /c /I"D:\SFML-2.1\include" /Zi /nologo /W3 /WX- /O2 /Oi /Oy- /GL /D WIN32 /D NDEBUG /D _CONSOLE /D _UNICODE /D UNICODE /Gm- /EHsc /MD /GS /Gy /fp:precise /Zc:wchar_t /Zc:forScope /Fo"Release\\" /Fd"Release\vc120.pdb" /Gd /TP /analyze- /errorReport:prompt main.cpp
         main.cpp
     1>main.cpp(11): warning C4244: '인수' : 'const int'에서 'float'(으)로 변환하면서 데이터가 손실될 수 있습니다.
       Link:
         C:\Program Files (x86)\Microsoft Visual Studio 12.0\VC\bin\link.exe /ERRORREPORT:PROMPT /OUT:"D:\FS2015\SFML\Release\SFML.exe" /INCREMENTAL:NO /NOLOGO /LIBPATH:"D:\SFML-2.1\lib" "sfml-window.lib" "sfml-graphics.lib" "sfml-system.lib" "sfml-network.lib" "sfml-audio.lib" kernel32.lib user32.lib gdi32.lib winspool.lib comdlg32.lib advapi32.lib shell32.lib ole32.lib oleaut32.lib uuid.lib odbc32.lib odbccp32.lib /MANIFEST /MANIFESTUAC:"level='asInvoker' uiAccess='false'" /manifest:embed /DEBUG /PDB:"D:\FS2015\SFML\Release\SFML.pdb" /SUBSYSTEM:CONSOLE /OPT:REF /OPT:ICF /LTCG /TLBID:1 /DYNAMICBASE /NXCOMPAT /IMPLIB:"D:\FS2015\SFML\Release\SFML.lib" /MACHINE:X86 /SAFESEH Release\animation.obj
         Release\Director.obj
         Release\Global.obj
         Release\main.obj
         Release\SceneBase.obj
         Release\TileSet.obj
         Release\tinystr.obj
         Release\tinyxml.obj
         Release\tinyxmlerror.obj
         Release\tinyxmlparser.obj
         Release\TitleScene.obj
         코드를 생성하고 있습니다.
         코드를 생성했습니다.
         SFML.vcxproj -> D:\FS2015\SFML\Release\SFML.exe
     1>"D:\FS2015\SFML\SFML\SFML.vcxproj" 프로젝트를 빌드했습니다(Build 대상).

빌드했습니다.

경과 시간: 00:00:02.21
